<?xml version="1.0" encoding="UTF-8"?>
<!-- Generated by org.testng.reporters.JUnitReportReporter -->
<testsuite hostname="EYALKOPEL-LT" name="LibraryTest" tests="1" failures="0" timestamp="1 Jan 2018 13:36:43 GMT" time="126.736" errors="0">
  <testcase name="testUntitled" time="126.736" classname="LibraryTest"/>
</testsuite> <!-- LibraryTest -->
